{
  "RSpec": {
    "coverage": {
      "/Users/olej/Projects/buttons_for/lib/buttons_for.rb": [
        1,
        1,
        1,
        1,
        1,
        1,
        null,
        1,
        null,
        null
      ],
      "/Users/olej/Projects/buttons_for/lib/buttons_for/engine.rb": [
        1,
        1,
        null
      ],
      "/Users/olej/Projects/buttons_for/app/helpers/buttons_for/buttons_for_helper.rb": [
        1,
        1,
        null,
        1,
        0,
        null,
        null,
        1,
        1,
        1,
        null,
        1,
        null,
        1,
        4,
        null,
        null,
        1,
        1,
        null,
        null,
        1,
        1,
        1,
        1,
        null,
        null,
        null,
        1,
        1,
        1,
        null,
        null,
        null,
        1,
        1,
        1,
        1,
        null,
        null,
        null,
        1,
        null,
        1,
        9,
        null,
        null,
        1,
        8,
        null,
        null,
        1,
        4,
        4,
        null,
        null,
        null,
        null,
        null,
        null
      ]
    },
    "timestamp": 1441275764
  }
}
